<?xml version="1.0" encoding="UTF-8"?>
<!-- Generated by org.testng.reporters.JUnitReportReporter -->
<testsuite hostname="DESKTOP-BP8B69J" failures="0" tests="1" name="testCases.TC002_LoginTest" time="3.092" errors="0" timestamp="2025-03-23T16:52:33 IST" skipped="0">
  <testcase classname="testCases.TC002_LoginTest" name="Verify_Login" time="3.092"/>
</testsuite> <!-- testCases.TC002_LoginTest -->
