<?xml version="1.0" encoding="UTF-8"?>
<!-- Generated by org.testng.reporters.JUnitReportReporter -->
<testsuite hostname="DESKTOP-BP8B69J" failures="0" tests="1" name="testCases.TC002_LoginTest" time="2.641" errors="0" timestamp="2025-03-24T14:39:19 IST" skipped="0">
  <testcase classname="testCases.TC002_LoginTest" name="Verify_Login" time="2.641"/>
</testsuite> <!-- testCases.TC002_LoginTest -->
