<?xml version="1.0" encoding="UTF-8"?>
<!-- Generated by org.testng.reporters.JUnitReportReporter -->
<testsuite hostname="DESKTOP-BP8B69J" failures="0" tests="5" name="testCases.TC003_LoginDDT" time="49.137" errors="0" timestamp="2025-03-23T22:54:32 IST" skipped="0">
  <testcase classname="testCases.TC003_LoginDDT" name="verify_LoginDDT" time="11.451"/>
  <testcase classname="testCases.TC003_LoginDDT" name="verify_LoginDDT" time="11.713"/>
  <testcase classname="testCases.TC003_LoginDDT" name="verify_LoginDDT" time="11.053"/>
  <testcase classname="testCases.TC003_LoginDDT" name="verify_LoginDDT" time="11.791"/>
  <testcase classname="testCases.TC003_LoginDDT" name="verify_LoginDDT" time="3.129"/>
</testsuite> <!-- testCases.TC003_LoginDDT -->
